<?xml version="1.0" encoding="utf-8"?><testsuites name="pytest tests"><testsuite name="pytest" errors="0" failures="2" skipped="0" tests="53" time="12.466" timestamp="2026-08-25T01:30:13.556443+00:00" hostname="agent-env-a421646b-0050-423d-abc7-b7dcb2d59ee4"><testcase classname="tests.backend_test" name="test_guest_pages_200[/]" time="0.216" /><testcase classname="tests.backend_test" name="test_guest_pages_200[/browse/auctions]" time="0.084" /><testcase classname="tests.backend_test" name="test_guest_pages_200[/browse/live]" time="0.337" /><testcase classname="tests.backend_test" name="test_guest_pages_200[/browse/explore]" time="0.081" /><testcase classname="tests.backend_test" name="test_guest_pages_200[/u/seller]" time="0.095" /><testcase classname="tests.test_flows" name="test_seller_update_draft_title" time="1.123" /><testcase classname="tests.backend_test" name="test_guest_pages_200[/corporate]" time="0.070" /><testcase classname="tests.backend_test" name="test_guest_pages_200[/contact]" time="0.098" /><testcase classname="tests.backend_test" name="test_guest_pages_200[/privacy-policy]" time="0.092" /><testcase classname="tests.backend_test" name="test_guest_pages_200[/login]" time="0.085" /><testcase classname="tests.test_flows" name="test_story_upload_and_delete" time="0.362" /><testcase classname="tests.backend_test" name="test_guest_pages_200[/register]" time="0.082" /><testcase classname="tests.backend_test" name="test_guest_pages_200[/auctions/antika-masa-saati-ve-vazo-seti-MD1c]" time="0.081" /><testcase classname="tests.backend_test" name="test_guest_pages_200[/auctions/planned-HfQfot]" time="0.092" /><testcase classname="tests.backend_test" name="test_guest_pages_200[/auctions/ended-GkyLZi]" time="0.092" /><testcase classname="tests.backend_test" name="test_guest_draft_is_404" time="0.070" /><testcase classname="tests.backend_test" name="test_draft_not_in_listings" time="0.488" /><testcase classname="tests.backend_test" name="test_browse_filters_and_pagination" time="0.405" /><testcase classname="tests.test_flows" name="test_support_ticket_create_and_view" time="0.855" /><testcase classname="tests.backend_test" name="test_live_search_endpoint" time="0.070" /><testcase classname="tests.backend_test" name="test_bid_requires_auth" time="0.578" /><testcase classname="tests.test_flows" name="test_admin_sees_support_ticket" time="0.752" /><testcase classname="tests.test_flows" name="test_follow_toggle" time="0.851" /><testcase classname="tests.backend_test" name="test_live_state_endpoint" time="0.098" /><testcase classname="tests.backend_test" name="test_buyer_pages" time="1.360" /><testcase classname="tests.test_flows" name="test_buyer_profile_update" time="0.253" /><testcase classname="tests.test_flows" name="test_notifications_read_all" time="0.231" /><testcase classname="tests.test_flows" name="test_admin_category_crud" time="0.596" /><testcase classname="tests.backend_test" name="test_buyer_valid_bid_increases_price" time="0.475" /><testcase classname="tests.test_flows" name="test_image_inventory" time="2.938"><failure message="AssertionError: broken storage images: [(404, 'https://full-stack-dev-47.preview.emergentagent.com/storage/auctions/a2.jpg'), (404, 'https://full-stack-dev-47.preview.emergentagent.com/storage/auctions/a3.jpg'), (404, 'https://full-stack-dev-47.preview.emergentagent.com/storage/auctions/a4.jpg'), (404, 'https://full-stack-dev-47.preview.emergentagent.com/storage/auctions/a5.jpg'), (404, 'https://full-stack-dev-47.preview.emergentagent.com/storage/auctions/a6.jpg'), (404, 'https://full-stack-dev-47.preview.emergentagent.com/storage/auctions/a8.jpg')]&#10;assert not [(404, 'https://full-stack-dev-47.preview.emergentagent.com/storage/auctions/a2.jpg'), (404, 'https://full-stack-dev-4...nt.com/storage/auctions/a6.jpg'), (404, 'https://full-stack-dev-47.preview.emergentagent.com/storage/auctions/a8.jpg')]">E   AssertionError: broken storage images: [(404, 'https://full-stack-dev-47.preview.emergentagent.com/storage/auctions/a2.jpg'), (404, 'https://full-stack-dev-47.preview.emergentagent.com/storage/auctions/a3.jpg'), (404, 'https://full-stack-dev-47.preview.emergentagent.com/storage/auctions/a4.jpg'), (404, 'https://full-stack-dev-47.preview.emergentagent.com/storage/auctions/a5.jpg'), (404, 'https://full-stack-dev-47.preview.emergentagent.com/storage/auctions/a6.jpg'), (404, 'https://full-stack-dev-47.preview.emergentagent.com/storage/auctions/a8.jpg')]
    assert not [(404, 'https://full-stack-dev-47.preview.emergentagent.com/storage/auctions/a2.jpg'), (404, 'https://full-stack-dev-4...nt.com/storage/auctions/a6.jpg'), (404, 'https://full-stack-dev-47.preview.emergentagent.com/storage/auctions/a8.jpg')]</failure></testcase><testcase classname="tests.backend_test" name="test_buyer_low_bid_rejected" time="0.297" /><testcase classname="tests.backend_test" name="test_bid_on_planned_rejected" time="0.268" /><testcase classname="tests.backend_test" name="test_bid_on_ended_rejected" time="0.271" /><testcase classname="tests.backend_test" name="test_buyer_cannot_access_seller_or_admin" time="0.151" /><testcase classname="tests.backend_test" name="test_buyer_draft_404" time="0.067" /><testcase classname="tests.backend_test" name="test_seller_pages" time="1.547" /><testcase classname="tests.backend_test" name="test_seller_owns_draft_can_view" time="0.083" /><testcase classname="tests.backend_test" name="test_broadcast_access_rules" time="0.213" /><testcase classname="tests.backend_test" name="test_seller_create_and_delete_auction" time="0.582" /><testcase classname="tests.test_flows" name="test_header_search_returns_auctions" time="0.087"><failure message="AssertionError: no auction results from live-search (auction search disabled): []&#10;assert False&#10; +  where False = any(&lt;generator object test_header_search_returns_auctions.&lt;locals&gt;.&lt;genexpr&gt; at 0xf824dc548740&gt;)">E   AssertionError: no auction results from live-search (auction search disabled): []
    assert False
     +  where False = any(&lt;generator object test_header_search_returns_auctions.&lt;locals&gt;.&lt;genexpr&gt; at 0xf824dc548740&gt;)</failure></testcase><testcase classname="tests.backend_test" name="test_seller_cannot_access_admin" time="0.069" /><testcase classname="tests.backend_test" name="test_admin_pages[/admin/dashboard]" time="0.730" /><testcase classname="tests.backend_test" name="test_admin_pages[/admin/auctions]" time="0.091" /><testcase classname="tests.backend_test" name="test_admin_pages[/admin/users]" time="0.090" /><testcase classname="tests.backend_test" name="test_admin_pages[/admin/users/create]" time="0.079" /><testcase classname="tests.backend_test" name="test_admin_pages[/admin/categories]" time="0.076" /><testcase classname="tests.backend_test" name="test_admin_pages[/admin/categories/create]" time="0.073" /><testcase classname="tests.backend_test" name="test_admin_pages[/admin/settings]" time="0.086" /><testcase classname="tests.backend_test" name="test_admin_pages[/admin/support]" time="0.076" /><testcase classname="tests.backend_test" name="test_admin_pages[/admin/orders]" time="0.086" /><testcase classname="tests.backend_test" name="test_admin_user_detail_and_edit" time="0.172" /><testcase classname="tests.backend_test" name="test_admin_auction_detail_and_edit" time="0.346" /><testcase classname="tests.backend_test" name="test_admin_approve_and_reject_draft" time="1.332" /></testsuite></testsuites>